<?xml version="1.0" encoding="UTF-8" standalone="yes"?><!DOCTYPE report PUBLIC "-//JACOCO//DTD Report 1.1//EN" "report.dtd"><report name="Delivery Fee Calculator - TSS Lab Project"><sessioninfo id="192.168.1.2-3d3634e1" start="1765120896118" dump="1765120896592"/><sessioninfo id="192.168.1.2-90ed871b" start="1765120903323" dump="1765120903781"/><package name="ro/tss/delivery"><class name="ro/tss/delivery/DeliveryServiceMutantKilled" sourcefilename="DeliveryServiceMutantKilled.java"><method name="&lt;init&gt;" desc="()V" line="40"><counter type="INSTRUCTION" missed="0" covered="3"/><counter type="LINE" missed="0" covered="1"/><counter type="COMPLEXITY" missed="0" covered="1"/><counter type="METHOD" missed="0" covered="1"/></method><method name="calculateDeliveryFee" desc="(DD)D" line="57"><counter type="INSTRUCTION" missed="25" covered="39"/><counter type="BRANCH" missed="8" covered="6"/><counter type="LINE" missed="7" covered="8"/><counter type="COMPLEXITY" missed="6" covered="2"/><counter type="METHOD" missed="0" covered="1"/></method><counter type="INSTRUCTION" missed="25" covered="42"/><counter type="BRANCH" missed="8" covered="6"/><counter type="LINE" missed="7" covered="9"/><counter type="COMPLEXITY" missed="6" covered="3"/><counter type="METHOD" missed="0" covered="2"/><counter type="CLASS" missed="0" covered="1"/></class><class name="ro/tss/delivery/DeliveryService" sourcefilename="DeliveryService.java"><method name="&lt;init&gt;" desc="()V" line="12"><counter type="INSTRUCTION" missed="0" covered="3"/><counter type="LINE" missed="0" covered="1"/><counter type="COMPLEXITY" missed="0" covered="1"/><counter type="METHOD" missed="0" covered="1"/></method><method name="calculateDeliveryFee" desc="(DD)D" line="48"><counter type="INSTRUCTION" missed="0" covered="64"/><counter type="BRANCH" missed="0" covered="14"/><counter type="LINE" missed="0" covered="15"/><counter type="COMPLEXITY" missed="0" covered="8"/><counter type="METHOD" missed="0" covered="1"/></method><counter type="INSTRUCTION" missed="0" covered="67"/><counter type="BRANCH" missed="0" covered="14"/><counter type="LINE" missed="0" covered="16"/><counter type="COMPLEXITY" missed="0" covered="9"/><counter type="METHOD" missed="0" covered="2"/><counter type="CLASS" missed="0" covered="1"/></class><class name="ro/tss/delivery/DeliveryServiceMutantSurvived" sourcefilename="DeliveryServiceMutantSurvived.java"><method name="&lt;init&gt;" desc="()V" line="64"><counter type="INSTRUCTION" missed="0" covered="3"/><counter type="LINE" missed="0" covered="1"/><counter type="COMPLEXITY" missed="0" covered="1"/><counter type="METHOD" missed="0" covered="1"/></method><method name="calculateDeliveryFee" desc="(DD)D" line="84"><counter type="INSTRUCTION" missed="34" covered="30"/><counter type="BRANCH" missed="10" covered="4"/><counter type="LINE" missed="9" covered="6"/><counter type="COMPLEXITY" missed="7" covered="1"/><counter type="METHOD" missed="0" covered="1"/></method><counter type="INSTRUCTION" missed="34" covered="33"/><counter type="BRANCH" missed="10" covered="4"/><counter type="LINE" missed="9" covered="7"/><counter type="COMPLEXITY" missed="7" covered="2"/><counter type="METHOD" missed="0" covered="2"/><counter type="CLASS" missed="0" covered="1"/></class><class name="ro/tss/delivery/DeliveryServiceMutantEquivalent" sourcefilename="DeliveryServiceMutantEquivalent.java"><method name="&lt;init&gt;" desc="()V" line="35"><counter type="INSTRUCTION" missed="0" covered="3"/><counter type="LINE" missed="0" covered="1"/><counter type="COMPLEXITY" missed="0" covered="1"/><counter type="METHOD" missed="0" covered="1"/></method><method name="calculateDeliveryFee" desc="(DD)D" line="51"><counter type="INSTRUCTION" missed="18" covered="48"/><counter type="BRANCH" missed="5" covered="9"/><counter type="LINE" missed="4" covered="11"/><counter type="COMPLEXITY" missed="4" covered="4"/><counter type="METHOD" missed="0" covered="1"/></method><counter type="INSTRUCTION" missed="18" covered="51"/><counter type="BRANCH" missed="5" covered="9"/><counter type="LINE" missed="4" covered="12"/><counter type="COMPLEXITY" missed="4" covered="5"/><counter type="METHOD" missed="0" covered="2"/><counter type="CLASS" missed="0" covered="1"/></class><sourcefile name="DeliveryServiceMutantKilled.java"><line nr="40" mi="0" ci="3" mb="0" cb="0"/><line nr="57" mi="0" ci="8" mb="2" cb="2"/><line nr="58" mi="5" ci="0" mb="0" cb="0"/><line nr="65" mi="0" ci="4" mb="0" cb="2"/><line nr="67" mi="0" ci="5" mb="0" cb="0"/><line nr="68" mi="0" ci="4" mb="1" cb="1"/><line nr="69" mi="0" ci="5" mb="0" cb="0"/><line nr="71" mi="4" ci="0" mb="0" cb="0"/><line nr="75" mi="0" ci="4" mb="1" cb="1"/><line nr="76" mi="0" ci="3" mb="0" cb="0"/><line nr="77" mi="4" ci="0" mb="2" cb="0"/><line nr="78" mi="3" ci="0" mb="0" cb="0"/><line nr="79" mi="4" ci="0" mb="2" cb="0"/><line nr="80" mi="3" ci="0" mb="0" cb="0"/><line nr="82" mi="2" ci="0" mb="0" cb="0"/><line nr="85" mi="0" ci="6" mb="0" cb="0"/><counter type="INSTRUCTION" missed="25" covered="42"/><counter type="BRANCH" missed="8" covered="6"/><counter type="LINE" missed="7" covered="9"/><counter type="COMPLEXITY" missed="6" covered="3"/><counter type="METHOD" missed="0" covered="2"/><counter type="CLASS" missed="0" covered="1"/></sourcefile><sourcefile name="DeliveryServiceMutantEquivalent.java"><line nr="35" mi="0" ci="3" mb="0" cb="0"/><line nr="51" mi="0" ci="8" mb="2" cb="2"/><line nr="52" mi="5" ci="0" mb="0" cb="0"/><line nr="56" mi="0" ci="4" mb="1" cb="1"/><line nr="57" mi="0" ci="5" mb="0" cb="0"/><line nr="58" mi="4" ci="0" mb="2" cb="0"/><line nr="59" mi="5" ci="0" mb="0" cb="0"/><line nr="61" mi="4" ci="0" mb="0" cb="0"/><line nr="65" mi="0" ci="4" mb="0" cb="2"/><line nr="70" mi="0" ci="5" mb="0" cb="0"/><line nr="72" mi="0" ci="4" mb="0" cb="2"/><line nr="73" mi="0" ci="3" mb="0" cb="0"/><line nr="74" mi="0" ci="4" mb="0" cb="2"/><line nr="75" mi="0" ci="3" mb="0" cb="0"/><line nr="77" mi="0" ci="2" mb="0" cb="0"/><line nr="80" mi="0" ci="6" mb="0" cb="0"/><counter type="INSTRUCTION" missed="18" covered="51"/><counter type="BRANCH" missed="5" covered="9"/><counter type="LINE" missed="4" covered="12"/><counter type="COMPLEXITY" missed="4" covered="5"/><counter type="METHOD" missed="0" covered="2"/><counter type="CLASS" missed="0" covered="1"/></sourcefile><sourcefile name="DeliveryService.java"><line nr="12" mi="0" ci="3" mb="0" cb="0"/><line nr="48" mi="0" ci="8" mb="0" cb="4"/><line nr="49" mi="0" ci="5" mb="0" cb="0"/><line nr="54" mi="0" ci="4" mb="0" cb="2"/><line nr="55" mi="0" ci="5" mb="0" cb="0"/><line nr="56" mi="0" ci="4" mb="0" cb="2"/><line nr="57" mi="0" ci="5" mb="0" cb="0"/><line nr="59" mi="0" ci="4" mb="0" cb="0"/><line nr="64" mi="0" ci="4" mb="0" cb="2"/><line nr="65" mi="0" ci="3" mb="0" cb="0"/><line nr="66" mi="0" ci="4" mb="0" cb="2"/><line nr="67" mi="0" ci="3" mb="0" cb="0"/><line nr="68" mi="0" ci="4" mb="0" cb="2"/><line nr="69" mi="0" ci="3" mb="0" cb="0"/><line nr="71" mi="0" ci="2" mb="0" cb="0"/><line nr="75" mi="0" ci="6" mb="0" cb="0"/><counter type="INSTRUCTION" missed="0" covered="67"/><counter type="BRANCH" missed="0" covered="14"/><counter type="LINE" missed="0" covered="16"/><counter type="COMPLEXITY" missed="0" covered="9"/><counter type="METHOD" missed="0" covered="2"/><counter type="CLASS" missed="0" covered="1"/></sourcefile><sourcefile name="DeliveryServiceMutantSurvived.java"><line nr="64" mi="0" ci="3" mb="0" cb="0"/><line nr="84" mi="0" ci="8" mb="2" cb="2"/><line nr="86" mi="5" ci="0" mb="0" cb="0"/><line nr="90" mi="0" ci="4" mb="1" cb="1"/><line nr="91" mi="0" ci="5" mb="0" cb="0"/><line nr="92" mi="4" ci="0" mb="2" cb="0"/><line nr="93" mi="5" ci="0" mb="0" cb="0"/><line nr="95" mi="4" ci="0" mb="0" cb="0"/><line nr="99" mi="0" ci="4" mb="1" cb="1"/><line nr="100" mi="0" ci="3" mb="0" cb="0"/><line nr="101" mi="4" ci="0" mb="2" cb="0"/><line nr="102" mi="3" ci="0" mb="0" cb="0"/><line nr="103" mi="4" ci="0" mb="2" cb="0"/><line nr="104" mi="3" ci="0" mb="0" cb="0"/><line nr="106" mi="2" ci="0" mb="0" cb="0"/><line nr="109" mi="0" ci="6" mb="0" cb="0"/><counter type="INSTRUCTION" missed="34" covered="33"/><counter type="BRANCH" missed="10" covered="4"/><counter type="LINE" missed="9" covered="7"/><counter type="COMPLEXITY" missed="7" covered="2"/><counter type="METHOD" missed="0" covered="2"/><counter type="CLASS" missed="0" covered="1"/></sourcefile><counter type="INSTRUCTION" missed="77" covered="193"/><counter type="BRANCH" missed="23" covered="33"/><counter type="LINE" missed="20" covered="44"/><counter type="COMPLEXITY" missed="17" covered="19"/><counter type="METHOD" missed="0" covered="8"/><counter type="CLASS" missed="0" covered="4"/></package><counter type="INSTRUCTION" missed="77" covered="193"/><counter type="BRANCH" missed="23" covered="33"/><counter type="LINE" missed="20" covered="44"/><counter type="COMPLEXITY" missed="17" covered="19"/><counter type="METHOD" missed="0" covered="8"/><counter type="CLASS" missed="0" covered="4"/></report>