GROUP,PACKAGE,CLASS,INSTRUCTION_MISSED,INSTRUCTION_COVERED,BRANCH_MISSED,BRANCH_COVERED,LINE_MISSED,LINE_COVERED,COMPLEXITY_MISSED,COMPLEXITY_COVERED,METHOD_MISSED,METHOD_COVERED
Delivery Fee Calculator - TSS Lab Project,ro.tss.delivery,DeliveryServiceMutantKilled,67,0,14,0,16,0,9,0,2,0
Delivery Fee Calculator - TSS Lab Project,ro.tss.delivery,DeliveryService,0,67,0,14,0,16,0,9,0,2
Delivery Fee Calculator - TSS Lab Project,ro.tss.delivery,DeliveryServiceMutantSurvived,67,0,14,0,16,0,9,0,2,0
Delivery Fee Calculator - TSS Lab Project,ro.tss.delivery,DeliveryServiceMutantEquivalent,69,0,14,0,16,0,9,0,2,0
