<?xml version="1.0" encoding="UTF-8"?>
<testsuite xmlns:xsi="http://www.w3.org/2001/XMLSchema-instance" xsi:noNamespaceSchemaLocation="https://maven.apache.org/surefire/maven-surefire-plugin/xsd/surefire-test-report-3.0.xsd" version="3.0" name="ro.tss.delivery.CauseEffectGraphingTest" time="0.066" tests="27" errors="0" skipped="0" failures="0">
  <properties>
[...]
</properties>
  <testcase name="testT9_MediumDistance_MediumWeight" classname="ro.tss.delivery.CauseEffectGraphingTest" time="0.01"/>
  <testcase name="testAllValidCombinations(String, double, double, double, String)[1]" classname="ro.tss.delivery.CauseEffectGraphingTest" time="0.012"/>
  <testcase name="testAllValidCombinations(String, double, double, double, String)[2]" classname="ro.tss.delivery.CauseEffectGraphingTest" time="0.0"/>
  <testcase name="testAllValidCombinations(String, double, double, double, String)[3]" classname="ro.tss.delivery.CauseEffectGraphingTest" time="0.0"/>
  <testcase name="testAllValidCombinations(String, double, double, double, String)[4]" classname="ro.tss.delivery.CauseEffectGraphingTest" time="0.001"/>
  <testcase name="testAllValidCombinations(String, double, double, double, String)[5]" classname="ro.tss.delivery.CauseEffectGraphingTest" time="0.001"/>
  <testcase name="testAllValidCombinations(String, double, double, double, String)[6]" classname="ro.tss.delivery.CauseEffectGraphingTest" time="0.001"/>
  <testcase name="testAllValidCombinations(String, double, double, double, String)[7]" classname="ro.tss.delivery.CauseEffectGraphingTest" time="0.001"/>
  <testcase name="testAllValidCombinations(String, double, double, double, String)[8]" classname="ro.tss.delivery.CauseEffectGraphingTest" time="0.001"/>
  <testcase name="testAllValidCombinations(String, double, double, double, String)[9]" classname="ro.tss.delivery.CauseEffectGraphingTest" time="0.001"/>
  <testcase name="testAllValidCombinations(String, double, double, double, String)[10]" classname="ro.tss.delivery.CauseEffectGraphingTest" time="0.001"/>
  <testcase name="testAllValidCombinations(String, double, double, double, String)[11]" classname="ro.tss.delivery.CauseEffectGraphingTest" time="0.001"/>
  <testcase name="testAllValidCombinations(String, double, double, double, String)[12]" classname="ro.tss.delivery.CauseEffectGraphingTest" time="0.001"/>
  <testcase name="testT6_ShortDistance_HeavyWeight" classname="ro.tss.delivery.CauseEffectGraphingTest" time="0.001"/>
  <testcase name="testT3_BothInvalid" classname="ro.tss.delivery.CauseEffectGraphingTest" time="0.001"/>
  <testcase name="testT10_MediumDistance_HeavyWeight" classname="ro.tss.delivery.CauseEffectGraphingTest" time="0.001"/>
  <testcase name="testT11_MediumDistance_VeryHeavyWeight" classname="ro.tss.delivery.CauseEffectGraphingTest" time="0.0"/>
  <testcase name="testT12_LongDistance_LightWeight" classname="ro.tss.delivery.CauseEffectGraphingTest" time="0.0"/>
  <testcase name="testT7_ShortDistance_VeryHeavyWeight" classname="ro.tss.delivery.CauseEffectGraphingTest" time="0.0"/>
  <testcase name="testT5_ShortDistance_MediumWeight" classname="ro.tss.delivery.CauseEffectGraphingTest" time="0.0"/>
  <testcase name="testT2_InvalidWeight" classname="ro.tss.delivery.CauseEffectGraphingTest" time="0.001"/>
  <testcase name="testT13_LongDistance_MediumWeight" classname="ro.tss.delivery.CauseEffectGraphingTest" time="0.001"/>
  <testcase name="testT4_ShortDistance_LightWeight" classname="ro.tss.delivery.CauseEffectGraphingTest" time="0.0"/>
  <testcase name="testT14_LongDistance_HeavyWeight" classname="ro.tss.delivery.CauseEffectGraphingTest" time="0.001"/>
  <testcase name="testT8_MediumDistance_LightWeight" classname="ro.tss.delivery.CauseEffectGraphingTest" time="0.0"/>
  <testcase name="testT1_InvalidDistance" classname="ro.tss.delivery.CauseEffectGraphingTest" time="0.001"/>
  <testcase name="testT15_LongDistance_VeryHeavyWeight" classname="ro.tss.delivery.CauseEffectGraphingTest" time="0.0"/>
</testsuite>